<?xml version="1.0" encoding="UTF-8"?>
<testsuite name="tests.BbdTest" tests="1" skipped="1" failures="0" errors="0" timestamp="2018-04-10T02:20:55" hostname="INisaanm.local" time="0.0">
  <properties/>
  <testcase name="bbdFetchVehicleImageTest" classname="tests.BbdTest" time="0.0">
    <skipped/>
  </testcase>
  <system-out><![CDATA[]]></system-out>
  <system-err><![CDATA[]]></system-err>
</testsuite>
